19:57:12.581 [main] DEBUG com.intuit.karate.Suite - [config] classpath:karate-config.js
19:57:13.431 [main] INFO  com.intuit.karate - karate.env system property was: null 
19:57:13.717 [main] DEBUG com.intuit.karate - request:
1 > POST https://vx5846dgdj.execute-api.us-east-1.amazonaws.com/dev/transactions
1 > Content-Type: application/json; charset=UTF-8
1 > Accept: application/json
1 > Content-Length: 124
1 > Host: vx5846dgdj.execute-api.us-east-1.amazonaws.com
1 > Connection: Keep-Alive
1 > User-Agent: Apache-HttpClient/4.5.14 (Java/23.0.1)
1 > Accept-Encoding: gzip,deflate
{"transactionId":"txn201","name":"Alice","title":"Payment","amount":100,"currency":"USD","timestamp":"2024-05-01T10:00:00Z"}

19:57:14.394 [main] DEBUG com.intuit.karate - response time in milliseconds: 673
1 < 201
1 < Date: Tue, 20 May 2025 23:57:14 GMT
1 < Content-Type: application/json
1 < Content-Length: 148
1 < Connection: keep-alive
1 < Apigw-Requestid: K5CCJgW8oAMESxQ=
{"name": "Alice", "title": "Payment", "amount": 100.0, "currency": "USD", "timestamp": "2024-05-01T10:00:00Z", "id": "txn201", "message": "SUCCESS"}

19:57:14.484 [main] DEBUG com.intuit.karate - request:
1 > POST https://vx5846dgdj.execute-api.us-east-1.amazonaws.com/dev/transactions
1 > Content-Type: application/json; charset=UTF-8
1 > Accept: application/json
1 > Content-Length: 122
1 > Host: vx5846dgdj.execute-api.us-east-1.amazonaws.com
1 > Connection: Keep-Alive
1 > User-Agent: Apache-HttpClient/4.5.14 (Java/23.0.1)
1 > Accept-Encoding: gzip,deflate
{"transactionId":"txn202","name":"Bob","title":"Invoice","amount":200,"currency":"USD","timestamp":"2024-05-02T15:30:00Z"}

19:57:14.662 [main] DEBUG com.intuit.karate - response time in milliseconds: 176
1 < 201
1 < Date: Tue, 20 May 2025 23:57:14 GMT
1 < Content-Type: application/json
1 < Content-Length: 146
1 < Connection: keep-alive
1 < Apigw-Requestid: K5CCOgX_IAMESxQ=
{"name": "Bob", "title": "Invoice", "amount": 200.0, "currency": "USD", "timestamp": "2024-05-02T15:30:00Z", "id": "txn202", "message": "SUCCESS"}

19:57:14.673 [main] DEBUG com.intuit.karate - request:
1 > POST https://vx5846dgdj.execute-api.us-east-1.amazonaws.com/dev/transactions
1 > Content-Type: application/json; charset=UTF-8
1 > Accept: application/json
1 > Content-Length: 125
1 > Host: vx5846dgdj.execute-api.us-east-1.amazonaws.com
1 > Connection: Keep-Alive
1 > User-Agent: Apache-HttpClient/4.5.14 (Java/23.0.1)
1 > Accept-Encoding: gzip,deflate
{"transactionId":"txn203","name":"Charlie","title":"Refund","amount":150,"currency":"USD","timestamp":"2024-05-03T09:45:00Z"}

19:57:14.841 [main] DEBUG com.intuit.karate - response time in milliseconds: 168
1 < 201
1 < Date: Tue, 20 May 2025 23:57:14 GMT
1 < Content-Type: application/json
1 < Content-Length: 149
1 < Connection: keep-alive
1 < Apigw-Requestid: K5CCQiEKoAMEaQw=
{"name": "Charlie", "title": "Refund", "amount": 150.0, "currency": "USD", "timestamp": "2024-05-03T09:45:00Z", "id": "txn203", "message": "SUCCESS"}

19:57:14.853 [main] DEBUG com.intuit.karate - request:
1 > POST https://vx5846dgdj.execute-api.us-east-1.amazonaws.com/dev/transactions
1 > Content-Type: application/json; charset=UTF-8
1 > Accept: application/json
1 > Content-Length: 124
1 > Host: vx5846dgdj.execute-api.us-east-1.amazonaws.com
1 > Connection: Keep-Alive
1 > User-Agent: Apache-HttpClient/4.5.14 (Java/23.0.1)
1 > Accept-Encoding: gzip,deflate
{"transactionId":"txn204","name":"Diana","title":"Payment","amount":250,"currency":"USD","timestamp":"2024-05-04T11:20:00Z"}

19:57:15.039 [main] DEBUG com.intuit.karate - response time in milliseconds: 185
1 < 201
1 < Date: Tue, 20 May 2025 23:57:15 GMT
1 < Content-Type: application/json
1 < Content-Length: 148
1 < Connection: keep-alive
1 < Apigw-Requestid: K5CCSgfPIAMESmg=
{"name": "Diana", "title": "Payment", "amount": 250.0, "currency": "USD", "timestamp": "2024-05-04T11:20:00Z", "id": "txn204", "message": "SUCCESS"}

19:57:15.051 [main] DEBUG com.intuit.karate - request:
1 > POST https://vx5846dgdj.execute-api.us-east-1.amazonaws.com/dev/transactions
1 > Content-Type: application/json; charset=UTF-8
1 > Accept: application/json
1 > Content-Length: 124
1 > Host: vx5846dgdj.execute-api.us-east-1.amazonaws.com
1 > Connection: Keep-Alive
1 > User-Agent: Apache-HttpClient/4.5.14 (Java/23.0.1)
1 > Accept-Encoding: gzip,deflate
{"transactionId":"txn205","name":"Ethan","title":"Invoice","amount":300,"currency":"USD","timestamp":"2024-05-05T13:10:00Z"}

19:57:15.204 [main] DEBUG com.intuit.karate - response time in milliseconds: 152
1 < 201
1 < Date: Tue, 20 May 2025 23:57:15 GMT
1 < Content-Type: application/json
1 < Content-Length: 148
1 < Connection: keep-alive
1 < Apigw-Requestid: K5CCUgZSIAMESxQ=
{"name": "Ethan", "title": "Invoice", "amount": 300.0, "currency": "USD", "timestamp": "2024-05-05T13:10:00Z", "id": "txn205", "message": "SUCCESS"}

19:57:15.216 [main] DEBUG com.intuit.karate - request:
1 > POST https://vx5846dgdj.execute-api.us-east-1.amazonaws.com/dev/transactions
1 > Content-Type: application/json; charset=UTF-8
1 > Accept: application/json
1 > Content-Length: 124
1 > Host: vx5846dgdj.execute-api.us-east-1.amazonaws.com
1 > Connection: Keep-Alive
1 > User-Agent: Apache-HttpClient/4.5.14 (Java/23.0.1)
1 > Accept-Encoding: gzip,deflate
{"transactionId":"txn206","name":"Fiona","title":"Payment","amount":120,"currency":"USD","timestamp":"2024-05-06T14:00:00Z"}

19:57:15.402 [main] DEBUG com.intuit.karate - response time in milliseconds: 185
1 < 201
1 < Date: Tue, 20 May 2025 23:57:15 GMT
1 < Content-Type: application/json
1 < Content-Length: 148
1 < Connection: keep-alive
1 < Apigw-Requestid: K5CCVgWDIAMESdQ=
{"name": "Fiona", "title": "Payment", "amount": 120.0, "currency": "USD", "timestamp": "2024-05-06T14:00:00Z", "id": "txn206", "message": "SUCCESS"}

19:57:15.413 [main] DEBUG com.intuit.karate - request:
1 > POST https://vx5846dgdj.execute-api.us-east-1.amazonaws.com/dev/transactions
1 > Content-Type: application/json; charset=UTF-8
1 > Accept: application/json
1 > Content-Length: 124
1 > Host: vx5846dgdj.execute-api.us-east-1.amazonaws.com
1 > Connection: Keep-Alive
1 > User-Agent: Apache-HttpClient/4.5.14 (Java/23.0.1)
1 > Accept-Encoding: gzip,deflate
{"transactionId":"txn207","name":"George","title":"Refund","amount":180,"currency":"USD","timestamp":"2024-05-07T16:00:00Z"}

19:57:15.580 [main] DEBUG com.intuit.karate - response time in milliseconds: 166
1 < 201
1 < Date: Tue, 20 May 2025 23:57:15 GMT
1 < Content-Type: application/json
1 < Content-Length: 148
1 < Connection: keep-alive
1 < Apigw-Requestid: K5CCXjdxIAMESTw=
{"name": "George", "title": "Refund", "amount": 180.0, "currency": "USD", "timestamp": "2024-05-07T16:00:00Z", "id": "txn207", "message": "SUCCESS"}

19:57:15.588 [main] DEBUG com.intuit.karate - request:
1 > POST https://vx5846dgdj.execute-api.us-east-1.amazonaws.com/dev/transactions
1 > Content-Type: application/json; charset=UTF-8
1 > Accept: application/json
1 > Content-Length: 125
1 > Host: vx5846dgdj.execute-api.us-east-1.amazonaws.com
1 > Connection: Keep-Alive
1 > User-Agent: Apache-HttpClient/4.5.14 (Java/23.0.1)
1 > Accept-Encoding: gzip,deflate
{"transactionId":"txn208","name":"Hannah","title":"Invoice","amount":220,"currency":"USD","timestamp":"2024-05-08T10:15:00Z"}

19:57:15.762 [main] DEBUG com.intuit.karate - response time in milliseconds: 173
1 < 201
1 < Date: Tue, 20 May 2025 23:57:15 GMT
1 < Content-Type: application/json
1 < Content-Length: 149
1 < Connection: keep-alive
1 < Apigw-Requestid: K5CCZgCeoAMEa5w=
{"name": "Hannah", "title": "Invoice", "amount": 220.0, "currency": "USD", "timestamp": "2024-05-08T10:15:00Z", "id": "txn208", "message": "SUCCESS"}

19:57:15.769 [main] DEBUG com.intuit.karate - request:
1 > POST https://vx5846dgdj.execute-api.us-east-1.amazonaws.com/dev/transactions
1 > Content-Type: application/json; charset=UTF-8
1 > Accept: application/json
1 > Content-Length: 122
1 > Host: vx5846dgdj.execute-api.us-east-1.amazonaws.com
1 > Connection: Keep-Alive
1 > User-Agent: Apache-HttpClient/4.5.14 (Java/23.0.1)
1 > Accept-Encoding: gzip,deflate
{"transactionId":"txn209","name":"Ian","title":"Payment","amount":140,"currency":"USD","timestamp":"2024-05-09T09:00:00Z"}

19:57:15.962 [main] DEBUG com.intuit.karate - response time in milliseconds: 192
1 < 201
1 < Date: Tue, 20 May 2025 23:57:16 GMT
1 < Content-Type: application/json
1 < Content-Length: 146
1 < Connection: keep-alive
1 < Apigw-Requestid: K5CCbgUtoAMEarQ=
{"name": "Ian", "title": "Payment", "amount": 140.0, "currency": "USD", "timestamp": "2024-05-09T09:00:00Z", "id": "txn209", "message": "SUCCESS"}

19:57:15.969 [main] DEBUG com.intuit.karate - request:
1 > POST https://vx5846dgdj.execute-api.us-east-1.amazonaws.com/dev/transactions
1 > Content-Type: application/json; charset=UTF-8
1 > Accept: application/json
1 > Content-Length: 122
1 > Host: vx5846dgdj.execute-api.us-east-1.amazonaws.com
1 > Connection: Keep-Alive
1 > User-Agent: Apache-HttpClient/4.5.14 (Java/23.0.1)
1 > Accept-Encoding: gzip,deflate
{"transactionId":"txn210","name":"Jill","title":"Refund","amount":160,"currency":"USD","timestamp":"2024-05-10T12:00:00Z"}

19:57:16.161 [main] DEBUG com.intuit.karate - response time in milliseconds: 190
1 < 201
1 < Date: Tue, 20 May 2025 23:57:16 GMT
1 < Content-Type: application/json
1 < Content-Length: 146
1 < Connection: keep-alive
1 < Apigw-Requestid: K5CCdh3loAMEa0A=
{"name": "Jill", "title": "Refund", "amount": 160.0, "currency": "USD", "timestamp": "2024-05-10T12:00:00Z", "id": "txn210", "message": "SUCCESS"}

19:57:16.168 [main] DEBUG com.intuit.karate - request:
1 > POST https://vx5846dgdj.execute-api.us-east-1.amazonaws.com/dev/transactions
1 > Content-Type: application/json; charset=UTF-8
1 > Accept: application/json
1 > Content-Length: 124
1 > Host: vx5846dgdj.execute-api.us-east-1.amazonaws.com
1 > Connection: Keep-Alive
1 > User-Agent: Apache-HttpClient/4.5.14 (Java/23.0.1)
1 > Accept-Encoding: gzip,deflate
{"transactionId":"txn211","name":"Kevin","title":"Invoice","amount":240,"currency":"USD","timestamp":"2024-05-11T11:30:00Z"}

19:57:16.340 [main] DEBUG com.intuit.karate - response time in milliseconds: 172
1 < 201
1 < Date: Tue, 20 May 2025 23:57:16 GMT
1 < Content-Type: application/json
1 < Content-Length: 148
1 < Connection: keep-alive
1 < Apigw-Requestid: K5CCfiePIAMEazw=
{"name": "Kevin", "title": "Invoice", "amount": 240.0, "currency": "USD", "timestamp": "2024-05-11T11:30:00Z", "id": "txn211", "message": "SUCCESS"}

19:57:16.361 [main] DEBUG com.intuit.karate - request:
1 > POST https://vx5846dgdj.execute-api.us-east-1.amazonaws.com/dev/transactions
1 > Content-Type: application/json; charset=UTF-8
1 > Accept: application/json
1 > Content-Length: 123
1 > Host: vx5846dgdj.execute-api.us-east-1.amazonaws.com
1 > Connection: Keep-Alive
1 > User-Agent: Apache-HttpClient/4.5.14 (Java/23.0.1)
1 > Accept-Encoding: gzip,deflate
{"transactionId":"txn212","name":"Lena","title":"Payment","amount":260,"currency":"USD","timestamp":"2024-05-12T08:00:00Z"}

19:57:16.541 [main] DEBUG com.intuit.karate - response time in milliseconds: 179
1 < 201
1 < Date: Tue, 20 May 2025 23:57:16 GMT
1 < Content-Type: application/json
1 < Content-Length: 147
1 < Connection: keep-alive
1 < Apigw-Requestid: K5CChhDTIAMEa-g=
{"name": "Lena", "title": "Payment", "amount": 260.0, "currency": "USD", "timestamp": "2024-05-12T08:00:00Z", "id": "txn212", "message": "SUCCESS"}

19:57:16.551 [main] DEBUG com.intuit.karate - request:
1 > POST https://vx5846dgdj.execute-api.us-east-1.amazonaws.com/dev/transactions
1 > Content-Type: application/json; charset=UTF-8
1 > Accept: application/json
1 > Content-Length: 123
1 > Host: vx5846dgdj.execute-api.us-east-1.amazonaws.com
1 > Connection: Keep-Alive
1 > User-Agent: Apache-HttpClient/4.5.14 (Java/23.0.1)
1 > Accept-Encoding: gzip,deflate
{"transactionId":"txn213","name":"Mike","title":"Invoice","amount":300,"currency":"USD","timestamp":"2024-05-13T17:00:00Z"}

19:57:16.742 [main] DEBUG com.intuit.karate - response time in milliseconds: 190
1 < 201
1 < Date: Tue, 20 May 2025 23:57:16 GMT
1 < Content-Type: application/json
1 < Content-Length: 147
1 < Connection: keep-alive
1 < Apigw-Requestid: K5CCjjEZoAMEaRw=
{"name": "Mike", "title": "Invoice", "amount": 300.0, "currency": "USD", "timestamp": "2024-05-13T17:00:00Z", "id": "txn213", "message": "SUCCESS"}

19:57:16.750 [main] DEBUG com.intuit.karate - request:
1 > POST https://vx5846dgdj.execute-api.us-east-1.amazonaws.com/dev/transactions
1 > Content-Type: application/json; charset=UTF-8
1 > Accept: application/json
1 > Content-Length: 122
1 > Host: vx5846dgdj.execute-api.us-east-1.amazonaws.com
1 > Connection: Keep-Alive
1 > User-Agent: Apache-HttpClient/4.5.14 (Java/23.0.1)
1 > Accept-Encoding: gzip,deflate
{"transactionId":"txn214","name":"Nina","title":"Refund","amount":130,"currency":"USD","timestamp":"2024-05-14T14:30:00Z"}

19:57:16.940 [main] DEBUG com.intuit.karate - response time in milliseconds: 190
1 < 201
1 < Date: Tue, 20 May 2025 23:57:17 GMT
1 < Content-Type: application/json
1 < Content-Length: 146
1 < Connection: keep-alive
1 < Apigw-Requestid: K5CCljuXIAMES9g=
{"name": "Nina", "title": "Refund", "amount": 130.0, "currency": "USD", "timestamp": "2024-05-14T14:30:00Z", "id": "txn214", "message": "SUCCESS"}

19:57:16.949 [main] DEBUG com.intuit.karate - request:
1 > POST https://vx5846dgdj.execute-api.us-east-1.amazonaws.com/dev/transactions
1 > Content-Type: application/json; charset=UTF-8
1 > Accept: application/json
1 > Content-Length: 123
1 > Host: vx5846dgdj.execute-api.us-east-1.amazonaws.com
1 > Connection: Keep-Alive
1 > User-Agent: Apache-HttpClient/4.5.14 (Java/23.0.1)
1 > Accept-Encoding: gzip,deflate
{"transactionId":"txn215","name":"Owen","title":"Payment","amount":280,"currency":"USD","timestamp":"2024-05-15T10:20:00Z"}

19:57:17.146 [main] DEBUG com.intuit.karate - response time in milliseconds: 197
1 < 201
1 < Date: Tue, 20 May 2025 23:57:17 GMT
1 < Content-Type: application/json
1 < Content-Length: 147
1 < Connection: keep-alive
1 < Apigw-Requestid: K5CCnhbzoAMESaQ=
{"name": "Owen", "title": "Payment", "amount": 280.0, "currency": "USD", "timestamp": "2024-05-15T10:20:00Z", "id": "txn215", "message": "SUCCESS"}

19:57:17.166 [main] DEBUG com.intuit.karate - request:
1 > POST https://vx5846dgdj.execute-api.us-east-1.amazonaws.com/dev/transactions
1 > Content-Type: application/json; charset=UTF-8
1 > Accept: application/json
1 > Content-Length: 124
1 > Host: vx5846dgdj.execute-api.us-east-1.amazonaws.com
1 > Connection: Keep-Alive
1 > User-Agent: Apache-HttpClient/4.5.14 (Java/23.0.1)
1 > Accept-Encoding: gzip,deflate
{"transactionId":"txn216","name":"Paula","title":"Invoice","amount":190,"currency":"USD","timestamp":"2024-05-16T09:50:00Z"}

19:57:17.361 [main] DEBUG com.intuit.karate - response time in milliseconds: 183
1 < 201
1 < Date: Tue, 20 May 2025 23:57:17 GMT
1 < Content-Type: application/json
1 < Content-Length: 148
1 < Connection: keep-alive
1 < Apigw-Requestid: K5CCpiaOoAMEagQ=
{"name": "Paula", "title": "Invoice", "amount": 190.0, "currency": "USD", "timestamp": "2024-05-16T09:50:00Z", "id": "txn216", "message": "SUCCESS"}

19:57:17.367 [main] DEBUG com.intuit.karate - request:
1 > POST https://vx5846dgdj.execute-api.us-east-1.amazonaws.com/dev/transactions
1 > Content-Type: application/json; charset=UTF-8
1 > Accept: application/json
1 > Content-Length: 123
1 > Host: vx5846dgdj.execute-api.us-east-1.amazonaws.com
1 > Connection: Keep-Alive
1 > User-Agent: Apache-HttpClient/4.5.14 (Java/23.0.1)
1 > Accept-Encoding: gzip,deflate
{"transactionId":"txn217","name":"Quinn","title":"Refund","amount":110,"currency":"USD","timestamp":"2024-05-17T13:40:00Z"}

19:57:17.521 [main] DEBUG com.intuit.karate - response time in milliseconds: 154
1 < 201
1 < Date: Tue, 20 May 2025 23:57:17 GMT
1 < Content-Type: application/json
1 < Content-Length: 147
1 < Connection: keep-alive
1 < Apigw-Requestid: K5CCrgcYIAMES0Q=
{"name": "Quinn", "title": "Refund", "amount": 110.0, "currency": "USD", "timestamp": "2024-05-17T13:40:00Z", "id": "txn217", "message": "SUCCESS"}

19:57:17.529 [main] DEBUG com.intuit.karate - request:
1 > POST https://vx5846dgdj.execute-api.us-east-1.amazonaws.com/dev/transactions
1 > Content-Type: application/json; charset=UTF-8
1 > Accept: application/json
1 > Content-Length: 125
1 > Host: vx5846dgdj.execute-api.us-east-1.amazonaws.com
1 > Connection: Keep-Alive
1 > User-Agent: Apache-HttpClient/4.5.14 (Java/23.0.1)
1 > Accept-Encoding: gzip,deflate
{"transactionId":"txn218","name":"Rachel","title":"Payment","amount":210,"currency":"USD","timestamp":"2024-05-18T15:15:00Z"}

19:57:17.703 [main] DEBUG com.intuit.karate - response time in milliseconds: 173
1 < 201
1 < Date: Tue, 20 May 2025 23:57:17 GMT
1 < Content-Type: application/json
1 < Content-Length: 149
1 < Connection: keep-alive
1 < Apigw-Requestid: K5CCsjmpoAMESJQ=
{"name": "Rachel", "title": "Payment", "amount": 210.0, "currency": "USD", "timestamp": "2024-05-18T15:15:00Z", "id": "txn218", "message": "SUCCESS"}

19:57:17.710 [main] DEBUG com.intuit.karate - request:
1 > POST https://vx5846dgdj.execute-api.us-east-1.amazonaws.com/dev/transactions
1 > Content-Type: application/json; charset=UTF-8
1 > Accept: application/json
1 > Content-Length: 124
1 > Host: vx5846dgdj.execute-api.us-east-1.amazonaws.com
1 > Connection: Keep-Alive
1 > User-Agent: Apache-HttpClient/4.5.14 (Java/23.0.1)
1 > Accept-Encoding: gzip,deflate
{"transactionId":"txn219","name":"Steve","title":"Invoice","amount":270,"currency":"USD","timestamp":"2024-05-19T16:25:00Z"}

19:57:17.901 [main] DEBUG com.intuit.karate - response time in milliseconds: 191
1 < 201
1 < Date: Tue, 20 May 2025 23:57:17 GMT
1 < Content-Type: application/json
1 < Content-Length: 148
1 < Connection: keep-alive
1 < Apigw-Requestid: K5CCuhdBoAMESBA=
{"name": "Steve", "title": "Invoice", "amount": 270.0, "currency": "USD", "timestamp": "2024-05-19T16:25:00Z", "id": "txn219", "message": "SUCCESS"}

19:57:17.908 [main] DEBUG com.intuit.karate - request:
1 > POST https://vx5846dgdj.execute-api.us-east-1.amazonaws.com/dev/transactions
1 > Content-Type: application/json; charset=UTF-8
1 > Accept: application/json
1 > Content-Length: 122
1 > Host: vx5846dgdj.execute-api.us-east-1.amazonaws.com
1 > Connection: Keep-Alive
1 > User-Agent: Apache-HttpClient/4.5.14 (Java/23.0.1)
1 > Accept-Encoding: gzip,deflate
{"transactionId":"txn220","name":"Tina","title":"Refund","amount":170,"currency":"USD","timestamp":"2024-05-20T12:05:00Z"}

19:57:18.082 [main] DEBUG com.intuit.karate - response time in milliseconds: 173
1 < 201
1 < Date: Tue, 20 May 2025 23:57:18 GMT
1 < Content-Type: application/json
1 < Content-Length: 146
1 < Connection: keep-alive
1 < Apigw-Requestid: K5CCwj-toAMEa4Q=
{"name": "Tina", "title": "Refund", "amount": 170.0, "currency": "USD", "timestamp": "2024-05-20T12:05:00Z", "id": "txn220", "message": "SUCCESS"}

19:57:18.087 [main] DEBUG com.intuit.karate - request:
1 > POST https://vx5846dgdj.execute-api.us-east-1.amazonaws.com/dev/transactions
1 > Content-Type: application/json; charset=UTF-8
1 > Accept: application/json
1 > Content-Length: 122
1 > Host: vx5846dgdj.execute-api.us-east-1.amazonaws.com
1 > Connection: Keep-Alive
1 > User-Agent: Apache-HttpClient/4.5.14 (Java/23.0.1)
1 > Accept-Encoding: gzip,deflate
{"transactionId":"txn221","name":"Uma","title":"Payment","amount":310,"currency":"USD","timestamp":"2024-05-21T08:10:00Z"}

19:57:18.240 [main] DEBUG com.intuit.karate - response time in milliseconds: 152
1 < 201
1 < Date: Tue, 20 May 2025 23:57:18 GMT
1 < Content-Type: application/json
1 < Content-Length: 146
1 < Connection: keep-alive
1 < Apigw-Requestid: K5CCyh_goAMESYw=
{"name": "Uma", "title": "Payment", "amount": 310.0, "currency": "USD", "timestamp": "2024-05-21T08:10:00Z", "id": "txn221", "message": "SUCCESS"}

19:57:18.247 [main] DEBUG com.intuit.karate - request:
1 > POST https://vx5846dgdj.execute-api.us-east-1.amazonaws.com/dev/transactions
1 > Content-Type: application/json; charset=UTF-8
1 > Accept: application/json
1 > Content-Length: 125
1 > Host: vx5846dgdj.execute-api.us-east-1.amazonaws.com
1 > Connection: Keep-Alive
1 > User-Agent: Apache-HttpClient/4.5.14 (Java/23.0.1)
1 > Accept-Encoding: gzip,deflate
{"transactionId":"txn222","name":"Victor","title":"Invoice","amount":135,"currency":"USD","timestamp":"2024-05-22T11:45:00Z"}

19:57:18.420 [main] DEBUG com.intuit.karate - response time in milliseconds: 173
1 < 201
1 < Date: Tue, 20 May 2025 23:57:18 GMT
1 < Content-Type: application/json
1 < Content-Length: 149
1 < Connection: keep-alive
1 < Apigw-Requestid: K5CCzgSLIAMESDA=
{"name": "Victor", "title": "Invoice", "amount": 135.0, "currency": "USD", "timestamp": "2024-05-22T11:45:00Z", "id": "txn222", "message": "SUCCESS"}

19:57:18.427 [main] DEBUG com.intuit.karate - request:
1 > POST https://vx5846dgdj.execute-api.us-east-1.amazonaws.com/dev/transactions
1 > Content-Type: application/json; charset=UTF-8
1 > Accept: application/json
1 > Content-Length: 123
1 > Host: vx5846dgdj.execute-api.us-east-1.amazonaws.com
1 > Connection: Keep-Alive
1 > User-Agent: Apache-HttpClient/4.5.14 (Java/23.0.1)
1 > Accept-Encoding: gzip,deflate
{"transactionId":"txn223","name":"Wendy","title":"Refund","amount":145,"currency":"USD","timestamp":"2024-05-23T13:30:00Z"}

19:57:18.642 [main] DEBUG com.intuit.karate - response time in milliseconds: 214
1 < 201
1 < Date: Tue, 20 May 2025 23:57:18 GMT
1 < Content-Type: application/json
1 < Content-Length: 147
1 < Connection: keep-alive
1 < Apigw-Requestid: K5CC1i9toAMES4Q=
{"name": "Wendy", "title": "Refund", "amount": 145.0, "currency": "USD", "timestamp": "2024-05-23T13:30:00Z", "id": "txn223", "message": "SUCCESS"}

19:57:18.648 [main] DEBUG com.intuit.karate - request:
1 > POST https://vx5846dgdj.execute-api.us-east-1.amazonaws.com/dev/transactions
1 > Content-Type: application/json; charset=UTF-8
1 > Accept: application/json
1 > Content-Length: 125
1 > Host: vx5846dgdj.execute-api.us-east-1.amazonaws.com
1 > Connection: Keep-Alive
1 > User-Agent: Apache-HttpClient/4.5.14 (Java/23.0.1)
1 > Accept-Encoding: gzip,deflate
{"transactionId":"txn224","name":"Xander","title":"Payment","amount":295,"currency":"USD","timestamp":"2024-05-24T10:50:00Z"}

19:57:18.800 [main] DEBUG com.intuit.karate - response time in milliseconds: 151
1 < 201
1 < Date: Tue, 20 May 2025 23:57:18 GMT
1 < Content-Type: application/json
1 < Content-Length: 149
1 < Connection: keep-alive
1 < Apigw-Requestid: K5CC3i-LoAMES4Q=
{"name": "Xander", "title": "Payment", "amount": 295.0, "currency": "USD", "timestamp": "2024-05-24T10:50:00Z", "id": "txn224", "message": "SUCCESS"}

19:57:18.805 [main] DEBUG com.intuit.karate - request:
1 > POST https://vx5846dgdj.execute-api.us-east-1.amazonaws.com/dev/transactions
1 > Content-Type: application/json; charset=UTF-8
1 > Accept: application/json
1 > Content-Length: 123
1 > Host: vx5846dgdj.execute-api.us-east-1.amazonaws.com
1 > Connection: Keep-Alive
1 > User-Agent: Apache-HttpClient/4.5.14 (Java/23.0.1)
1 > Accept-Encoding: gzip,deflate
{"transactionId":"txn225","name":"Yara","title":"Invoice","amount":275,"currency":"USD","timestamp":"2024-05-25T09:15:00Z"}

19:57:18.982 [main] DEBUG com.intuit.karate - response time in milliseconds: 176
1 < 201
1 < Date: Tue, 20 May 2025 23:57:19 GMT
1 < Content-Type: application/json
1 < Content-Length: 147
1 < Connection: keep-alive
1 < Apigw-Requestid: K5CC5hqdIAMESMg=
{"name": "Yara", "title": "Invoice", "amount": 275.0, "currency": "USD", "timestamp": "2024-05-25T09:15:00Z", "id": "txn225", "message": "SUCCESS"}

19:57:19.903 [main] INFO  com.intuit.karate.Suite - <<pass>> feature 1 of 1 (0 remaining) classpath:tests/transactions/01-create-transactions.feature
19:57:20.019 [main] DEBUG com.intuit.karate.Suite - [config] classpath:karate-config.js
19:57:20.022 [main] INFO  com.intuit.karate.Suite - backed up existing 'target/karate-reports' dir to: target/karate-reports_1747785440019
19:57:20.027 [main] INFO  com.intuit.karate - karate.env system property was: null 
19:57:20.035 [main] DEBUG com.intuit.karate - request:
1 > POST https://vx5846dgdj.execute-api.us-east-1.amazonaws.com/dev/transactions
1 > Content-Type: application/json; charset=UTF-8
1 > Accept: application/json
1 > Content-Length: 112
1 > Host: vx5846dgdj.execute-api.us-east-1.amazonaws.com
1 > Connection: Keep-Alive
1 > User-Agent: Apache-HttpClient/4.5.14 (Java/23.0.1)
1 > Accept-Encoding: gzip,deflate
{"transactionId":"txn2001","name":"Alice","title":"Payment","currency":"USD","timestamp":"2024-05-01T10:00:00Z"}

